{"C:\\Users\\Marcos\\Documents\\javascript\\design-patterns\\src\\fluentSQL.js": {"path":"C:\\Users\\Marcos\\Documents\\javascript\\design-patterns\\src\\fluentSQL.js","all":false,"statementMap":{"0":{"start":{"line":1,"column":0},"end":{"line":1,"column":39}},"1":{"start":{"line":2,"column":0},"end":{"line":2,"column":16}},"2":{"start":{"line":3,"column":0},"end":{"line":3,"column":12}},"3":{"start":{"line":4,"column":0},"end":{"line":4,"column":14}},"4":{"start":{"line":5,"column":0},"end":{"line":5,"column":13}},"5":{"start":{"line":6,"column":0},"end":{"line":6,"column":15}},"6":{"start":{"line":7,"column":0},"end":{"line":7,"column":0}},"7":{"start":{"line":8,"column":0},"end":{"line":8,"column":29}},"8":{"start":{"line":9,"column":0},"end":{"line":9,"column":29}},"9":{"start":{"line":10,"column":0},"end":{"line":10,"column":3}},"10":{"start":{"line":11,"column":0},"end":{"line":11,"column":0}},"11":{"start":{"line":12,"column":0},"end":{"line":12,"column":24}},"12":{"start":{"line":13,"column":0},"end":{"line":13,"column":45}},"13":{"start":{"line":14,"column":0},"end":{"line":14,"column":3}},"14":{"start":{"line":15,"column":0},"end":{"line":15,"column":0}},"15":{"start":{"line":16,"column":0},"end":{"line":16,"column":14}},"16":{"start":{"line":17,"column":0},"end":{"line":17,"column":21}},"17":{"start":{"line":18,"column":0},"end":{"line":18,"column":0}},"18":{"start":{"line":19,"column":0},"end":{"line":19,"column":15}},"19":{"start":{"line":20,"column":0},"end":{"line":20,"column":3}},"20":{"start":{"line":21,"column":0},"end":{"line":21,"column":0}},"21":{"start":{"line":22,"column":0},"end":{"line":22,"column":17}},"22":{"start":{"line":23,"column":0},"end":{"line":23,"column":24}},"23":{"start":{"line":24,"column":0},"end":{"line":24,"column":0}},"24":{"start":{"line":25,"column":0},"end":{"line":25,"column":15}},"25":{"start":{"line":26,"column":0},"end":{"line":26,"column":3}},"26":{"start":{"line":27,"column":0},"end":{"line":27,"column":0}},"27":{"start":{"line":28,"column":0},"end":{"line":28,"column":16}},"28":{"start":{"line":29,"column":0},"end":{"line":29,"column":57}},"29":{"start":{"line":30,"column":0},"end":{"line":30,"column":57}},"30":{"start":{"line":31,"column":0},"end":{"line":31,"column":22}},"31":{"start":{"line":32,"column":0},"end":{"line":32,"column":31}},"32":{"start":{"line":33,"column":0},"end":{"line":33,"column":0}},"33":{"start":{"line":34,"column":0},"end":{"line":34,"column":50}},"34":{"start":{"line":35,"column":0},"end":{"line":35,"column":0}},"35":{"start":{"line":36,"column":0},"end":{"line":36,"column":15}},"36":{"start":{"line":37,"column":0},"end":{"line":37,"column":3}},"37":{"start":{"line":38,"column":0},"end":{"line":38,"column":0}},"38":{"start":{"line":39,"column":0},"end":{"line":39,"column":18}},"39":{"start":{"line":40,"column":0},"end":{"line":40,"column":25}},"40":{"start":{"line":41,"column":0},"end":{"line":41,"column":0}},"41":{"start":{"line":42,"column":0},"end":{"line":42,"column":15}},"42":{"start":{"line":43,"column":0},"end":{"line":43,"column":3}},"43":{"start":{"line":44,"column":0},"end":{"line":44,"column":0}},"44":{"start":{"line":45,"column":0},"end":{"line":45,"column":26}},"45":{"start":{"line":46,"column":0},"end":{"line":46,"column":56}},"46":{"start":{"line":47,"column":0},"end":{"line":47,"column":3}},"47":{"start":{"line":48,"column":0},"end":{"line":48,"column":0}},"48":{"start":{"line":49,"column":0},"end":{"line":49,"column":23}},"49":{"start":{"line":50,"column":0},"end":{"line":50,"column":49}},"50":{"start":{"line":51,"column":0},"end":{"line":51,"column":48}},"51":{"start":{"line":52,"column":0},"end":{"line":52,"column":5}},"52":{"start":{"line":53,"column":0},"end":{"line":53,"column":0}},"53":{"start":{"line":54,"column":0},"end":{"line":54,"column":15}},"54":{"start":{"line":55,"column":0},"end":{"line":55,"column":3}},"55":{"start":{"line":56,"column":0},"end":{"line":56,"column":0}},"56":{"start":{"line":57,"column":0},"end":{"line":57,"column":24}},"57":{"start":{"line":58,"column":0},"end":{"line":58,"column":28}},"58":{"start":{"line":59,"column":0},"end":{"line":59,"column":42}},"59":{"start":{"line":60,"column":0},"end":{"line":60,"column":43}},"60":{"start":{"line":61,"column":0},"end":{"line":61,"column":72}},"61":{"start":{"line":62,"column":0},"end":{"line":62,"column":0}},"62":{"start":{"line":63,"column":0},"end":{"line":63,"column":32}},"63":{"start":{"line":64,"column":0},"end":{"line":64,"column":7}},"64":{"start":{"line":65,"column":0},"end":{"line":65,"column":0}},"65":{"start":{"line":66,"column":0},"end":{"line":66,"column":24}},"66":{"start":{"line":67,"column":0},"end":{"line":67,"column":3}},"67":{"start":{"line":68,"column":0},"end":{"line":68,"column":0}},"68":{"start":{"line":69,"column":0},"end":{"line":69,"column":28}},"69":{"start":{"line":70,"column":0},"end":{"line":70,"column":38}},"70":{"start":{"line":71,"column":0},"end":{"line":71,"column":0}},"71":{"start":{"line":72,"column":0},"end":{"line":72,"column":41}},"72":{"start":{"line":73,"column":0},"end":{"line":73,"column":6}},"73":{"start":{"line":74,"column":0},"end":{"line":74,"column":67}},"74":{"start":{"line":75,"column":0},"end":{"line":75,"column":6}},"75":{"start":{"line":76,"column":0},"end":{"line":76,"column":3}},"76":{"start":{"line":77,"column":0},"end":{"line":77,"column":0}},"77":{"start":{"line":78,"column":0},"end":{"line":78,"column":11}},"78":{"start":{"line":79,"column":0},"end":{"line":79,"column":22}},"79":{"start":{"line":80,"column":0},"end":{"line":80,"column":40}},"80":{"start":{"line":81,"column":0},"end":{"line":81,"column":46}},"81":{"start":{"line":82,"column":0},"end":{"line":82,"column":0}},"82":{"start":{"line":83,"column":0},"end":{"line":83,"column":53}},"83":{"start":{"line":84,"column":0},"end":{"line":84,"column":31}},"84":{"start":{"line":85,"column":0},"end":{"line":85,"column":0}},"85":{"start":{"line":86,"column":0},"end":{"line":86,"column":45}},"86":{"start":{"line":87,"column":0},"end":{"line":87,"column":5}},"87":{"start":{"line":88,"column":0},"end":{"line":88,"column":53}},"88":{"start":{"line":89,"column":0},"end":{"line":89,"column":22}},"89":{"start":{"line":90,"column":0},"end":{"line":90,"column":3}},"90":{"start":{"line":91,"column":0},"end":{"line":91,"column":1}}},"s":{"0":1,"1":8,"2":8,"3":8,"4":1,"5":1,"6":7,"7":7,"8":7,"9":7,"10":1,"11":1,"12":1,"13":2,"14":2,"15":2,"16":2,"17":1,"18":1,"19":3,"20":3,"21":3,"22":3,"23":3,"24":3,"25":3,"26":3,"27":3,"28":3,"29":3,"30":3,"31":3,"32":3,"33":1,"34":1,"35":1,"36":1,"37":1,"38":1,"39":1,"40":1,"41":1,"42":1,"43":1,"44":1,"45":16,"46":16,"47":16,"48":16,"49":1,"50":13,"51":13,"52":13,"53":13,"54":13,"55":13,"56":13,"57":13,"58":39,"59":39,"60":1,"61":6,"62":6,"63":6,"64":4,"65":6,"66":2,"67":2,"68":2,"69":4,"70":4,"71":1,"72":6,"73":6,"74":6,"75":16,"76":16,"77":16,"78":16,"79":13,"80":13,"81":13,"82":16,"83":6,"84":6,"85":6,"86":6,"87":1,"88":1,"89":1,"90":1},"branchMap":{"0":{"type":"branch","line":1,"loc":{"start":{"line":1,"column":0},"end":{"line":1,"column":38}},"locations":[{"start":{"line":1,"column":0},"end":{"line":1,"column":38}}]},"1":{"type":"branch","line":1,"loc":{"start":{"line":1,"column":21},"end":{"line":5,"column":3}},"locations":[{"start":{"line":1,"column":21},"end":{"line":5,"column":3}}]},"2":{"type":"branch","line":6,"loc":{"start":{"line":6,"column":2},"end":{"line":10,"column":3}},"locations":[{"start":{"line":6,"column":2},"end":{"line":10,"column":3}}]},"3":{"type":"branch","line":12,"loc":{"start":{"line":12,"column":12},"end":{"line":13,"column":32}},"locations":[{"start":{"line":12,"column":12},"end":{"line":13,"column":32}}]},"4":{"type":"branch","line":13,"loc":{"start":{"line":13,"column":34},"end":{"line":17,"column":21}},"locations":[{"start":{"line":13,"column":34},"end":{"line":17,"column":21}}]},"5":{"type":"branch","line":19,"loc":{"start":{"line":19,"column":4},"end":{"line":34,"column":9}},"locations":[{"start":{"line":19,"column":4},"end":{"line":34,"column":9}}]},"6":{"type":"branch","line":29,"loc":{"start":{"line":29,"column":18},"end":{"line":29,"column":42}},"locations":[{"start":{"line":29,"column":18},"end":{"line":29,"column":42}}]},"7":{"type":"branch","line":29,"loc":{"start":{"line":29,"column":42},"end":{"line":30,"column":10}},"locations":[{"start":{"line":29,"column":42},"end":{"line":30,"column":10}}]},"8":{"type":"branch","line":34,"loc":{"start":{"line":34,"column":4},"end":{"line":34,"column":9}},"locations":[{"start":{"line":34,"column":4},"end":{"line":34,"column":9}}]},"9":{"type":"branch","line":40,"loc":{"start":{"line":40,"column":10},"end":{"line":42,"column":11}},"locations":[{"start":{"line":40,"column":10},"end":{"line":42,"column":11}}]},"10":{"type":"branch","line":45,"loc":{"start":{"line":45,"column":3},"end":{"line":50,"column":40}},"locations":[{"start":{"line":45,"column":3},"end":{"line":50,"column":40}}]},"11":{"type":"branch","line":50,"loc":{"start":{"line":50,"column":9},"end":{"line":50,"column":25}},"locations":[{"start":{"line":50,"column":9},"end":{"line":50,"column":25}}]},"12":{"type":"branch","line":50,"loc":{"start":{"line":50,"column":25},"end":{"line":50,"column":40}},"locations":[{"start":{"line":50,"column":25},"end":{"line":50,"column":40}}]},"13":{"type":"branch","line":50,"loc":{"start":{"line":50,"column":41},"end":{"line":61,"column":58}},"locations":[{"start":{"line":50,"column":41},"end":{"line":61,"column":58}}]},"14":{"type":"branch","line":58,"loc":{"start":{"line":58,"column":23},"end":{"line":61,"column":25}},"locations":[{"start":{"line":58,"column":23},"end":{"line":61,"column":25}}]},"15":{"type":"branch","line":59,"loc":{"start":{"line":59,"column":28},"end":{"line":60,"column":17}},"locations":[{"start":{"line":59,"column":28},"end":{"line":60,"column":17}}]},"16":{"type":"branch","line":60,"loc":{"start":{"line":60,"column":17},"end":{"line":60,"column":33}},"locations":[{"start":{"line":60,"column":17},"end":{"line":60,"column":33}}]},"17":{"type":"branch","line":60,"loc":{"start":{"line":60,"column":23},"end":{"line":61,"column":25}},"locations":[{"start":{"line":60,"column":23},"end":{"line":61,"column":25}}]},"18":{"type":"branch","line":61,"loc":{"start":{"line":61,"column":49},"end":{"line":72,"column":40}},"locations":[{"start":{"line":61,"column":49},"end":{"line":72,"column":40}}]},"19":{"type":"branch","line":65,"loc":{"start":{"line":65,"column":-2},"end":{"line":66,"column":13}},"locations":[{"start":{"line":65,"column":-2},"end":{"line":66,"column":13}}]},"20":{"type":"branch","line":66,"loc":{"start":{"line":66,"column":6},"end":{"line":72,"column":40}},"locations":[{"start":{"line":66,"column":6},"end":{"line":72,"column":40}}]},"21":{"type":"branch","line":69,"loc":{"start":{"line":69,"column":3},"end":{"line":72,"column":31}},"locations":[{"start":{"line":69,"column":3},"end":{"line":72,"column":31}}]},"22":{"type":"branch","line":72,"loc":{"start":{"line":72,"column":24},"end":{"line":87,"column":5}},"locations":[{"start":{"line":72,"column":24},"end":{"line":87,"column":5}}]},"23":{"type":"branch","line":75,"loc":{"start":{"line":75,"column":5},"end":{"line":83,"column":53}},"locations":[{"start":{"line":75,"column":5},"end":{"line":83,"column":53}}]},"24":{"type":"branch","line":79,"loc":{"start":{"line":79,"column":4},"end":{"line":83,"column":46}},"locations":[{"start":{"line":79,"column":4},"end":{"line":83,"column":46}}]},"25":{"type":"branch","line":83,"loc":{"start":{"line":83,"column":32},"end":{"line":83,"column":46}},"locations":[{"start":{"line":83,"column":32},"end":{"line":83,"column":46}}]}},"b":{"0":[8],"1":[8],"2":[7],"3":[1],"4":[2],"5":[3],"6":[2],"7":[1],"8":[2],"9":[1],"10":[16],"11":[3],"12":[13],"13":[13],"14":[39],"15":[12],"16":[4],"17":[35],"18":[6],"19":[4],"20":[2],"21":[4],"22":[6],"23":[16],"24":[13],"25":[1]},"fnMap":{"0":{"name":"<instance_members_initializer>","decl":{"start":{"line":1,"column":0},"end":{"line":1,"column":38}},"loc":{"start":{"line":1,"column":0},"end":{"line":1,"column":38}},"line":1},"1":{"name":"FluentSQLBuilder","decl":{"start":{"line":1,"column":21},"end":{"line":5,"column":3}},"loc":{"start":{"line":1,"column":21},"end":{"line":5,"column":3}},"line":1},"2":{"name":"for","decl":{"start":{"line":6,"column":2},"end":{"line":10,"column":3}},"loc":{"start":{"line":6,"column":2},"end":{"line":10,"column":3}},"line":6},"3":{"name":"limit","decl":{"start":{"line":12,"column":12},"end":{"line":13,"column":32}},"loc":{"start":{"line":12,"column":12},"end":{"line":13,"column":32}},"line":12},"4":{"name":"select","decl":{"start":{"line":13,"column":34},"end":{"line":17,"column":21}},"loc":{"start":{"line":13,"column":34},"end":{"line":17,"column":21}},"line":13},"5":{"name":"where","decl":{"start":{"line":19,"column":4},"end":{"line":34,"column":9}},"loc":{"start":{"line":19,"column":4},"end":{"line":34,"column":9}},"line":19},"6":{"name":"orderBy","decl":{"start":{"line":34,"column":4},"end":{"line":34,"column":9}},"loc":{"start":{"line":34,"column":4},"end":{"line":34,"column":9}},"line":34},"7":{"name":"#performWhere","decl":{"start":{"line":45,"column":3},"end":{"line":50,"column":40}},"loc":{"start":{"line":45,"column":3},"end":{"line":50,"column":40}},"line":45},"8":{"name":"#performSelect","decl":{"start":{"line":50,"column":41},"end":{"line":61,"column":58}},"loc":{"start":{"line":50,"column":41},"end":{"line":61,"column":58}},"line":50},"9":{"name":"#performOrderBy","decl":{"start":{"line":61,"column":49},"end":{"line":72,"column":40}},"loc":{"start":{"line":61,"column":49},"end":{"line":72,"column":40}},"line":61},"10":{"name":"build","decl":{"start":{"line":72,"column":24},"end":{"line":87,"column":5}},"loc":{"start":{"line":72,"column":24},"end":{"line":87,"column":5}},"line":72}},"f":{"0":8,"1":8,"2":7,"3":1,"4":2,"5":3,"6":2,"7":16,"8":13,"9":6,"10":6}}
}
