TN:
SF:src\fluentSQL.js
FN:1,<instance_members_initializer>
FN:1,FluentSQLBuilder
FN:6,for
FN:12,limit
FN:13,select
FN:19,where
FN:34,orderBy
FN:45,#performWhere
FN:50,#performSelect
FN:61,#performOrderBy
FN:72,build
FNF:11
FNH:11
FNDA:8,<instance_members_initializer>
FNDA:8,FluentSQLBuilder
FNDA:7,for
FNDA:1,limit
FNDA:2,select
FNDA:3,where
FNDA:2,orderBy
FNDA:16,#performWhere
FNDA:13,#performSelect
FNDA:6,#performOrderBy
FNDA:6,build
DA:1,1
DA:2,8
DA:3,8
DA:4,8
DA:5,1
DA:6,1
DA:7,7
DA:8,7
DA:9,7
DA:10,7
DA:11,1
DA:12,1
DA:13,1
DA:14,2
DA:15,2
DA:16,2
DA:17,2
DA:18,1
DA:19,1
DA:20,3
DA:21,3
DA:22,3
DA:23,3
DA:24,3
DA:25,3
DA:26,3
DA:27,3
DA:28,3
DA:29,3
DA:30,3
DA:31,3
DA:32,3
DA:33,3
DA:34,1
DA:35,1
DA:36,1
DA:37,1
DA:38,1
DA:39,1
DA:40,1
DA:41,1
DA:42,1
DA:43,1
DA:44,1
DA:45,1
DA:46,16
DA:47,16
DA:48,16
DA:49,16
DA:50,1
DA:51,13
DA:52,13
DA:53,13
DA:54,13
DA:55,13
DA:56,13
DA:57,13
DA:58,13
DA:59,39
DA:60,39
DA:61,1
DA:62,6
DA:63,6
DA:64,6
DA:65,4
DA:66,6
DA:67,2
DA:68,2
DA:69,2
DA:70,4
DA:71,4
DA:72,1
DA:73,6
DA:74,6
DA:75,6
DA:76,16
DA:77,16
DA:78,16
DA:79,16
DA:80,13
DA:81,13
DA:82,13
DA:83,16
DA:84,6
DA:85,6
DA:86,6
DA:87,6
DA:88,1
DA:89,1
DA:90,1
DA:91,1
LF:91
LH:91
BRDA:1,0,0,8
BRDA:1,1,0,8
BRDA:6,2,0,7
BRDA:12,3,0,1
BRDA:13,4,0,2
BRDA:19,5,0,3
BRDA:29,6,0,2
BRDA:29,7,0,1
BRDA:34,8,0,2
BRDA:40,9,0,1
BRDA:45,10,0,16
BRDA:50,11,0,3
BRDA:50,12,0,13
BRDA:50,13,0,13
BRDA:58,14,0,39
BRDA:59,15,0,12
BRDA:60,16,0,4
BRDA:60,17,0,35
BRDA:61,18,0,6
BRDA:65,19,0,4
BRDA:66,20,0,2
BRDA:69,21,0,4
BRDA:72,22,0,6
BRDA:75,23,0,16
BRDA:79,24,0,13
BRDA:83,25,0,1
BRF:26
BRH:26
end_of_record
